{"uid":"e57521dbdf19236f","name":"test_fill_form","fullName":"tests.test_main_page.TestMainPage#test_fill_form","historyId":"133ce70ee30b157974d905247af328d9","time":{"start":1695323304783,"stop":1695323317387,"duration":12604},"status":"skipped","statusMessage":"XFAIL\n\nselenium.common.exceptions.TimeoutException: Message: \nStacktrace:\n#0 0x55e068e096c3 <unknown>\n#1 0x55e068adf1e7 <unknown>\n#2 0x55e068b26566 <unknown>\n#3 0x55e068b26651 <unknown>\n#4 0x55e068b63a74 <unknown>\n#5 0x55e068b480ed <unknown>\n#6 0x55e068b61322 <unknown>\n#7 0x55e068b47e93 <unknown>\n#8 0x55e068b1a934 <unknown>\n#9 0x55e068b1b71e <unknown>\n#10 0x55e068dcecc8 <unknown>\n#11 0x55e068dd2c00 <unknown>\n#12 0x55e068ddd1ac <unknown>\n#13 0x55e068dd3818 <unknown>\n#14 0x55e068da028f <unknown>\n#15 0x55e068df7e98 <unknown>\n#16 0x55e068df8069 <unknown>\n#17 0x55e068e08853 <unknown>\n#18 0x7f06b0294b43 <unknown>","statusTrace":"self = <tests.test_main_page.TestMainPage object at 0x7f46f5fdfd00>\ndriver = <selenium.webdriver.chrome.webdriver.WebDriver (session=\"a75b6f58441c278532c0a101b2a6c187\")>\n\n    @allure.step('Test Authorization.')\n    @allure.severity('HIGH')\n    @pytest.mark.xfail\n    def test_fill_form(self, driver):\n        test_elements = MainPage(driver, 'https://my.fortvision.com/#/login')\n        test_elements.open()\n>       result = test_elements.authorization()\n\ntests/test_main_page.py:22: \n_ _ _ _ _ _ _ _ _ _ _ _ _ _ _ _ _ _ _ _ _ _ _ _ _ _ _ _ _ _ _ _ _ _ _ _ _ _ _ _ \npages/main_page.py:24: in authorization\n    good_evening_text = self.element_is_presence(self.locators.GOOD_EVENING_TEXT).text\npages/base_page.py:34: in element_is_presence\n    return wait(self.driver, self.time_out).until(EC.presence_of_element_located(locator))\n_ _ _ _ _ _ _ _ _ _ _ _ _ _ _ _ _ _ _ _ _ _ _ _ _ _ _ _ _ _ _ _ _ _ _ _ _ _ _ _ \n\nself = <selenium.webdriver.support.wait.WebDriverWait (session=\"a75b6f58441c278532c0a101b2a6c187\")>\nmethod = <function presence_of_element_located.<locals>._predicate at 0x7f46f5f76b90>\nmessage = ''\n\n    def until(self, method, message: str = \"\"):\n        \"\"\"Calls the method provided with the driver as an argument until the \\\n        return value does not evaluate to ``False``.\n    \n        :param method: callable(WebDriver)\n        :param message: optional message for :exc:`TimeoutException`\n        :returns: the result of the last call to `method`\n        :raises: :exc:`selenium.common.exceptions.TimeoutException` if timeout occurs\n        \"\"\"\n        screen = None\n        stacktrace = None\n    \n        end_time = time.monotonic() + self._timeout\n        while True:\n            try:\n                value = method(self._driver)\n                if value:\n                    return value\n            except self._ignored_exceptions as exc:\n                screen = getattr(exc, \"screen\", None)\n                stacktrace = getattr(exc, \"stacktrace\", None)\n            time.sleep(self._poll)\n            if time.monotonic() > end_time:\n                break\n>       raise TimeoutException(message, screen, stacktrace)\nE       selenium.common.exceptions.TimeoutException: Message: \nE       Stacktrace:\nE       #0 0x55e068e096c3 <unknown>\nE       #1 0x55e068adf1e7 <unknown>\nE       #2 0x55e068b26566 <unknown>\nE       #3 0x55e068b26651 <unknown>\nE       #4 0x55e068b63a74 <unknown>\nE       #5 0x55e068b480ed <unknown>\nE       #6 0x55e068b61322 <unknown>\nE       #7 0x55e068b47e93 <unknown>\nE       #8 0x55e068b1a934 <unknown>\nE       #9 0x55e068b1b71e <unknown>\nE       #10 0x55e068dcecc8 <unknown>\nE       #11 0x55e068dd2c00 <unknown>\nE       #12 0x55e068ddd1ac <unknown>\nE       #13 0x55e068dd3818 <unknown>\nE       #14 0x55e068da028f <unknown>\nE       #15 0x55e068df7e98 <unknown>\nE       #16 0x55e068df8069 <unknown>\nE       #17 0x55e068e08853 <unknown>\nE       #18 0x7f06b0294b43 <unknown>\n\n/opt/hostedtoolcache/Python/3.10.13/x64/lib/python3.10/site-packages/selenium/webdriver/support/wait.py:95: TimeoutException","flaky":false,"newFailed":false,"newBroken":false,"newPassed":false,"retriesCount":0,"retriesStatusChange":false,"beforeStages":[{"name":"driver","time":{"start":1695323303551,"stop":1695323304782,"duration":1231},"status":"passed","steps":[],"attachments":[],"parameters":[],"shouldDisplayMessage":false,"stepsCount":0,"attachmentsCount":0,"hasContent":false}],"testStage":{"status":"skipped","statusMessage":"XFAIL\n\nselenium.common.exceptions.TimeoutException: Message: \nStacktrace:\n#0 0x55e068e096c3 <unknown>\n#1 0x55e068adf1e7 <unknown>\n#2 0x55e068b26566 <unknown>\n#3 0x55e068b26651 <unknown>\n#4 0x55e068b63a74 <unknown>\n#5 0x55e068b480ed <unknown>\n#6 0x55e068b61322 <unknown>\n#7 0x55e068b47e93 <unknown>\n#8 0x55e068b1a934 <unknown>\n#9 0x55e068b1b71e <unknown>\n#10 0x55e068dcecc8 <unknown>\n#11 0x55e068dd2c00 <unknown>\n#12 0x55e068ddd1ac <unknown>\n#13 0x55e068dd3818 <unknown>\n#14 0x55e068da028f <unknown>\n#15 0x55e068df7e98 <unknown>\n#16 0x55e068df8069 <unknown>\n#17 0x55e068e08853 <unknown>\n#18 0x7f06b0294b43 <unknown>","statusTrace":"self = <tests.test_main_page.TestMainPage object at 0x7f46f5fdfd00>\ndriver = <selenium.webdriver.chrome.webdriver.WebDriver (session=\"a75b6f58441c278532c0a101b2a6c187\")>\n\n    @allure.step('Test Authorization.')\n    @allure.severity('HIGH')\n    @pytest.mark.xfail\n    def test_fill_form(self, driver):\n        test_elements = MainPage(driver, 'https://my.fortvision.com/#/login')\n        test_elements.open()\n>       result = test_elements.authorization()\n\ntests/test_main_page.py:22: \n_ _ _ _ _ _ _ _ _ _ _ _ _ _ _ _ _ _ _ _ _ _ _ _ _ _ _ _ _ _ _ _ _ _ _ _ _ _ _ _ \npages/main_page.py:24: in authorization\n    good_evening_text = self.element_is_presence(self.locators.GOOD_EVENING_TEXT).text\npages/base_page.py:34: in element_is_presence\n    return wait(self.driver, self.time_out).until(EC.presence_of_element_located(locator))\n_ _ _ _ _ _ _ _ _ _ _ _ _ _ _ _ _ _ _ _ _ _ _ _ _ _ _ _ _ _ _ _ _ _ _ _ _ _ _ _ \n\nself = <selenium.webdriver.support.wait.WebDriverWait (session=\"a75b6f58441c278532c0a101b2a6c187\")>\nmethod = <function presence_of_element_located.<locals>._predicate at 0x7f46f5f76b90>\nmessage = ''\n\n    def until(self, method, message: str = \"\"):\n        \"\"\"Calls the method provided with the driver as an argument until the \\\n        return value does not evaluate to ``False``.\n    \n        :param method: callable(WebDriver)\n        :param message: optional message for :exc:`TimeoutException`\n        :returns: the result of the last call to `method`\n        :raises: :exc:`selenium.common.exceptions.TimeoutException` if timeout occurs\n        \"\"\"\n        screen = None\n        stacktrace = None\n    \n        end_time = time.monotonic() + self._timeout\n        while True:\n            try:\n                value = method(self._driver)\n                if value:\n                    return value\n            except self._ignored_exceptions as exc:\n                screen = getattr(exc, \"screen\", None)\n                stacktrace = getattr(exc, \"stacktrace\", None)\n            time.sleep(self._poll)\n            if time.monotonic() > end_time:\n                break\n>       raise TimeoutException(message, screen, stacktrace)\nE       selenium.common.exceptions.TimeoutException: Message: \nE       Stacktrace:\nE       #0 0x55e068e096c3 <unknown>\nE       #1 0x55e068adf1e7 <unknown>\nE       #2 0x55e068b26566 <unknown>\nE       #3 0x55e068b26651 <unknown>\nE       #4 0x55e068b63a74 <unknown>\nE       #5 0x55e068b480ed <unknown>\nE       #6 0x55e068b61322 <unknown>\nE       #7 0x55e068b47e93 <unknown>\nE       #8 0x55e068b1a934 <unknown>\nE       #9 0x55e068b1b71e <unknown>\nE       #10 0x55e068dcecc8 <unknown>\nE       #11 0x55e068dd2c00 <unknown>\nE       #12 0x55e068ddd1ac <unknown>\nE       #13 0x55e068dd3818 <unknown>\nE       #14 0x55e068da028f <unknown>\nE       #15 0x55e068df7e98 <unknown>\nE       #16 0x55e068df8069 <unknown>\nE       #17 0x55e068e08853 <unknown>\nE       #18 0x7f06b0294b43 <unknown>\n\n/opt/hostedtoolcache/Python/3.10.13/x64/lib/python3.10/site-packages/selenium/webdriver/support/wait.py:95: TimeoutException","steps":[{"name":"Test Authorization.","time":{"start":1695323304783,"stop":1695323317386,"duration":12603},"status":"broken","statusMessage":"selenium.common.exceptions.TimeoutException: Message: \nStacktrace:\n#0 0x55e068e096c3 <unknown>\n#1 0x55e068adf1e7 <unknown>\n#2 0x55e068b26566 <unknown>\n#3 0x55e068b26651 <unknown>\n#4 0x55e068b63a74 <unknown>\n#5 0x55e068b480ed <unknown>\n#6 0x55e068b61322 <unknown>\n#7 0x55e068b47e93 <unknown>\n#8 0x55e068b1a934 <unknown>\n#9 0x55e068b1b71e <unknown>\n#10 0x55e068dcecc8 <unknown>\n#11 0x55e068dd2c00 <unknown>\n#12 0x55e068ddd1ac <unknown>\n#13 0x55e068dd3818 <unknown>\n#14 0x55e068da028f <unknown>\n#15 0x55e068df7e98 <unknown>\n#16 0x55e068df8069 <unknown>\n#17 0x55e068e08853 <unknown>\n#18 0x7f06b0294b43 <unknown>\n\n","statusTrace":"  File \"/opt/hostedtoolcache/Python/3.10.13/x64/lib/python3.10/site-packages/allure_commons/_allure.py\", line 192, in impl\n    return func(*a, **kw)\n  File \"/home/runner/work/fortvision_task_ui_with_ci/fortvision_task_ui_with_ci/tests/test_main_page.py\", line 22, in test_fill_form\n    result = test_elements.authorization()\n  File \"/home/runner/work/fortvision_task_ui_with_ci/fortvision_task_ui_with_ci/pages/main_page.py\", line 24, in authorization\n    good_evening_text = self.element_is_presence(self.locators.GOOD_EVENING_TEXT).text\n  File \"/home/runner/work/fortvision_task_ui_with_ci/fortvision_task_ui_with_ci/pages/base_page.py\", line 34, in element_is_presence\n    return wait(self.driver, self.time_out).until(EC.presence_of_element_located(locator))\n  File \"/opt/hostedtoolcache/Python/3.10.13/x64/lib/python3.10/site-packages/selenium/webdriver/support/wait.py\", line 95, in until\n    raise TimeoutException(message, screen, stacktrace)\n","steps":[{"name":"Open page: https://my.fortvision.com/#/login","time":{"start":1695323304783,"stop":1695323306105,"duration":1322},"status":"passed","steps":[],"attachments":[],"parameters":[],"shouldDisplayMessage":false,"stepsCount":0,"attachmentsCount":0,"hasContent":false},{"name":"Input email: .","time":{"start":1695323306105,"stop":1695323306693,"duration":588},"status":"passed","steps":[{"name":"Check element is presence: ('xpath', \"//input[@id='email']\")","time":{"start":1695323306105,"stop":1695323306236,"duration":131},"status":"passed","steps":[],"attachments":[],"parameters":[],"shouldDisplayMessage":false,"stepsCount":0,"attachmentsCount":0,"hasContent":false}],"attachments":[],"parameters":[],"shouldDisplayMessage":false,"stepsCount":1,"attachmentsCount":0,"hasContent":true},{"name":"Check element is presence: ('xpath', \"//input[@id='password']\")","time":{"start":1695323306693,"stop":1695323306742,"duration":49},"status":"passed","steps":[],"attachments":[],"parameters":[],"shouldDisplayMessage":false,"stepsCount":0,"attachmentsCount":0,"hasContent":false},{"name":"Click button: LOG IN.","time":{"start":1695323306812,"stop":1695323306853,"duration":41},"status":"passed","steps":[{"name":"Check element is presence: ('xpath', \"//button[@class='button button-big button-blue']\")","time":{"start":1695323306812,"stop":1695323306823,"duration":11},"status":"passed","steps":[],"attachments":[],"parameters":[],"shouldDisplayMessage":false,"stepsCount":0,"attachmentsCount":0,"hasContent":false}],"attachments":[],"parameters":[],"shouldDisplayMessage":false,"stepsCount":1,"attachmentsCount":0,"hasContent":true},{"name":"Check word \"Good\" is presence in footer.","time":{"start":1695323306854,"stop":1695323317386,"duration":10532},"status":"broken","statusMessage":"selenium.common.exceptions.TimeoutException: Message: \nStacktrace:\n#0 0x55e068e096c3 <unknown>\n#1 0x55e068adf1e7 <unknown>\n#2 0x55e068b26566 <unknown>\n#3 0x55e068b26651 <unknown>\n#4 0x55e068b63a74 <unknown>\n#5 0x55e068b480ed <unknown>\n#6 0x55e068b61322 <unknown>\n#7 0x55e068b47e93 <unknown>\n#8 0x55e068b1a934 <unknown>\n#9 0x55e068b1b71e <unknown>\n#10 0x55e068dcecc8 <unknown>\n#11 0x55e068dd2c00 <unknown>\n#12 0x55e068ddd1ac <unknown>\n#13 0x55e068dd3818 <unknown>\n#14 0x55e068da028f <unknown>\n#15 0x55e068df7e98 <unknown>\n#16 0x55e068df8069 <unknown>\n#17 0x55e068e08853 <unknown>\n#18 0x7f06b0294b43 <unknown>\n\n","statusTrace":"  File \"/home/runner/work/fortvision_task_ui_with_ci/fortvision_task_ui_with_ci/pages/main_page.py\", line 24, in authorization\n    good_evening_text = self.element_is_presence(self.locators.GOOD_EVENING_TEXT).text\n  File \"/home/runner/work/fortvision_task_ui_with_ci/fortvision_task_ui_with_ci/pages/base_page.py\", line 34, in element_is_presence\n    return wait(self.driver, self.time_out).until(EC.presence_of_element_located(locator))\n  File \"/opt/hostedtoolcache/Python/3.10.13/x64/lib/python3.10/site-packages/selenium/webdriver/support/wait.py\", line 95, in until\n    raise TimeoutException(message, screen, stacktrace)\n","steps":[{"name":"Check element is presence: ('xpath', \"//div[@class='title'][contains(.,'Good')]\")","time":{"start":1695323306854,"stop":1695323317386,"duration":10532},"status":"broken","statusMessage":"selenium.common.exceptions.TimeoutException: Message: \nStacktrace:\n#0 0x55e068e096c3 <unknown>\n#1 0x55e068adf1e7 <unknown>\n#2 0x55e068b26566 <unknown>\n#3 0x55e068b26651 <unknown>\n#4 0x55e068b63a74 <unknown>\n#5 0x55e068b480ed <unknown>\n#6 0x55e068b61322 <unknown>\n#7 0x55e068b47e93 <unknown>\n#8 0x55e068b1a934 <unknown>\n#9 0x55e068b1b71e <unknown>\n#10 0x55e068dcecc8 <unknown>\n#11 0x55e068dd2c00 <unknown>\n#12 0x55e068ddd1ac <unknown>\n#13 0x55e068dd3818 <unknown>\n#14 0x55e068da028f <unknown>\n#15 0x55e068df7e98 <unknown>\n#16 0x55e068df8069 <unknown>\n#17 0x55e068e08853 <unknown>\n#18 0x7f06b0294b43 <unknown>\n\n","statusTrace":"  File \"/home/runner/work/fortvision_task_ui_with_ci/fortvision_task_ui_with_ci/pages/base_page.py\", line 34, in element_is_presence\n    return wait(self.driver, self.time_out).until(EC.presence_of_element_located(locator))\n  File \"/opt/hostedtoolcache/Python/3.10.13/x64/lib/python3.10/site-packages/selenium/webdriver/support/wait.py\", line 95, in until\n    raise TimeoutException(message, screen, stacktrace)\n","steps":[],"attachments":[],"parameters":[],"shouldDisplayMessage":true,"stepsCount":0,"attachmentsCount":0,"hasContent":true}],"attachments":[],"parameters":[],"shouldDisplayMessage":false,"stepsCount":1,"attachmentsCount":0,"hasContent":true}],"attachments":[],"parameters":[{"name":"driver","value":"<selenium.webdriver.chrome.webdriver.WebDriver (session=\"a75b6f58441c278532c0a101b2a6c187\")>"}],"shouldDisplayMessage":false,"stepsCount":8,"attachmentsCount":0,"hasContent":true}],"attachments":[],"parameters":[],"shouldDisplayMessage":true,"stepsCount":9,"attachmentsCount":0,"hasContent":true},"afterStages":[{"name":"driver::0","time":{"start":1695323317431,"stop":1695323317564,"duration":133},"status":"passed","steps":[],"attachments":[{"uid":"69f058b8bce0c7e7","name":"Screenshot 2023-09-21 19:08:37.500825","source":"69f058b8bce0c7e7.png","type":"image/png","size":56609}],"parameters":[],"shouldDisplayMessage":false,"stepsCount":0,"attachmentsCount":1,"hasContent":true}],"labels":[{"name":"severity","value":"HIGH"},{"name":"suite","value":"Test Main Page"},{"name":"tag","value":"@pytest.mark.xfail"},{"name":"parentSuite","value":"tests"},{"name":"subSuite","value":"TestMainPage"},{"name":"host","value":"fv-az567-728"},{"name":"thread","value":"2053-MainThread"},{"name":"framework","value":"pytest"},{"name":"language","value":"cpython3"},{"name":"package","value":"tests.test_main_page"},{"name":"resultFormat","value":"allure2"}],"parameters":[],"links":[],"hidden":false,"retry":false,"extra":{"severity":"normal","retries":[],"categories":[],"tags":["@pytest.mark.xfail"]},"source":"e57521dbdf19236f.json","parameterValues":[]}