{"uid":"2095ad66269efd15","name":"test_create_sms","fullName":"tests.test_main_page.TestMainPage#test_create_sms","historyId":"7f9e5e1a4f01551aba3e683cb8ada8f8","time":{"start":1695251603346,"stop":1695251618205,"duration":14859},"status":"skipped","statusMessage":"XFAIL\n\nselenium.common.exceptions.TimeoutException: Message: \nStacktrace:\n#0 0x556929cede23 <unknown>\n#1 0x556929a167a7 <unknown>\n#2 0x556929a551d3 <unknown>\n#3 0x556929a552c1 <unknown>\n#4 0x556929a90a04 <unknown>\n#5 0x556929a7603d <unknown>\n#6 0x556929a8e369 <unknown>\n#7 0x556929a75de3 <unknown>\n#8 0x556929a49a7b <unknown>\n#9 0x556929a4a81e <unknown>\n#10 0x556929caf638 <unknown>\n#11 0x556929cb3507 <unknown>\n#12 0x556929cbdc4c <unknown>\n#13 0x556929cb4136 <unknown>\n#14 0x556929c829cf <unknown>\n#15 0x556929cd7b98 <unknown>\n#16 0x556929cd7d68 <unknown>\n#17 0x556929ce6cb3 <unknown>\n#18 0x7f19f8894b43 <unknown>","statusTrace":"self = <tests.test_main_page.TestMainPage object at 0x7fb0326881c0>\ndriver = <selenium.webdriver.chrome.webdriver.WebDriver (session=\"fef8bc5409982785a453396e30d4b3e0\")>\n\n    @allure.step('Test Smoke send sms.')\n    @pytest.mark.xfail\n    def test_create_sms(self, driver):\n        main_page = MainPage(driver, 'https://my.fortvision.com/#/dashboard')\n        main_page.open()\n>       main_page.authorization()\n\ntests/test_main_page.py:27: \n_ _ _ _ _ _ _ _ _ _ _ _ _ _ _ _ _ _ _ _ _ _ _ _ _ _ _ _ _ _ _ _ _ _ _ _ _ _ _ _ \npages/main_page.py:23: in authorization\n    good_evening_text = self.element_is_presence(self.locators.GOOD_EVENING_TEXT).text\npages/base_page.py:34: in element_is_presence\n    return wait(self.driver, self.time_out).until(EC.presence_of_element_located(locator))\n_ _ _ _ _ _ _ _ _ _ _ _ _ _ _ _ _ _ _ _ _ _ _ _ _ _ _ _ _ _ _ _ _ _ _ _ _ _ _ _ \n\nself = <selenium.webdriver.support.wait.WebDriverWait (session=\"fef8bc5409982785a453396e30d4b3e0\")>\nmethod = <function presence_of_element_located.<locals>._predicate at 0x7fb032448d30>\nmessage = ''\n\n    def until(self, method, message: str = \"\"):\n        \"\"\"Calls the method provided with the driver as an argument until the \\\n        return value does not evaluate to ``False``.\n    \n        :param method: callable(WebDriver)\n        :param message: optional message for :exc:`TimeoutException`\n        :returns: the result of the last call to `method`\n        :raises: :exc:`selenium.common.exceptions.TimeoutException` if timeout occurs\n        \"\"\"\n        screen = None\n        stacktrace = None\n    \n        end_time = time.monotonic() + self._timeout\n        while True:\n            try:\n                value = method(self._driver)\n                if value:\n                    return value\n            except self._ignored_exceptions as exc:\n                screen = getattr(exc, \"screen\", None)\n                stacktrace = getattr(exc, \"stacktrace\", None)\n            time.sleep(self._poll)\n            if time.monotonic() > end_time:\n                break\n>       raise TimeoutException(message, screen, stacktrace)\nE       selenium.common.exceptions.TimeoutException: Message: \nE       Stacktrace:\nE       #0 0x556929cede23 <unknown>\nE       #1 0x556929a167a7 <unknown>\nE       #2 0x556929a551d3 <unknown>\nE       #3 0x556929a552c1 <unknown>\nE       #4 0x556929a90a04 <unknown>\nE       #5 0x556929a7603d <unknown>\nE       #6 0x556929a8e369 <unknown>\nE       #7 0x556929a75de3 <unknown>\nE       #8 0x556929a49a7b <unknown>\nE       #9 0x556929a4a81e <unknown>\nE       #10 0x556929caf638 <unknown>\nE       #11 0x556929cb3507 <unknown>\nE       #12 0x556929cbdc4c <unknown>\nE       #13 0x556929cb4136 <unknown>\nE       #14 0x556929c829cf <unknown>\nE       #15 0x556929cd7b98 <unknown>\nE       #16 0x556929cd7d68 <unknown>\nE       #17 0x556929ce6cb3 <unknown>\nE       #18 0x7f19f8894b43 <unknown>\n\n/opt/hostedtoolcache/Python/3.10.13/x64/lib/python3.10/site-packages/selenium/webdriver/support/wait.py:95: TimeoutException","flaky":false,"newFailed":false,"newBroken":false,"newPassed":false,"retriesCount":0,"retriesStatusChange":false,"beforeStages":[{"name":"driver","time":{"start":1695251602113,"stop":1695251603345,"duration":1232},"status":"passed","steps":[],"attachments":[],"parameters":[],"shouldDisplayMessage":false,"stepsCount":0,"attachmentsCount":0,"hasContent":false}],"testStage":{"status":"skipped","statusMessage":"XFAIL\n\nselenium.common.exceptions.TimeoutException: Message: \nStacktrace:\n#0 0x556929cede23 <unknown>\n#1 0x556929a167a7 <unknown>\n#2 0x556929a551d3 <unknown>\n#3 0x556929a552c1 <unknown>\n#4 0x556929a90a04 <unknown>\n#5 0x556929a7603d <unknown>\n#6 0x556929a8e369 <unknown>\n#7 0x556929a75de3 <unknown>\n#8 0x556929a49a7b <unknown>\n#9 0x556929a4a81e <unknown>\n#10 0x556929caf638 <unknown>\n#11 0x556929cb3507 <unknown>\n#12 0x556929cbdc4c <unknown>\n#13 0x556929cb4136 <unknown>\n#14 0x556929c829cf <unknown>\n#15 0x556929cd7b98 <unknown>\n#16 0x556929cd7d68 <unknown>\n#17 0x556929ce6cb3 <unknown>\n#18 0x7f19f8894b43 <unknown>","statusTrace":"self = <tests.test_main_page.TestMainPage object at 0x7fb0326881c0>\ndriver = <selenium.webdriver.chrome.webdriver.WebDriver (session=\"fef8bc5409982785a453396e30d4b3e0\")>\n\n    @allure.step('Test Smoke send sms.')\n    @pytest.mark.xfail\n    def test_create_sms(self, driver):\n        main_page = MainPage(driver, 'https://my.fortvision.com/#/dashboard')\n        main_page.open()\n>       main_page.authorization()\n\ntests/test_main_page.py:27: \n_ _ _ _ _ _ _ _ _ _ _ _ _ _ _ _ _ _ _ _ _ _ _ _ _ _ _ _ _ _ _ _ _ _ _ _ _ _ _ _ \npages/main_page.py:23: in authorization\n    good_evening_text = self.element_is_presence(self.locators.GOOD_EVENING_TEXT).text\npages/base_page.py:34: in element_is_presence\n    return wait(self.driver, self.time_out).until(EC.presence_of_element_located(locator))\n_ _ _ _ _ _ _ _ _ _ _ _ _ _ _ _ _ _ _ _ _ _ _ _ _ _ _ _ _ _ _ _ _ _ _ _ _ _ _ _ \n\nself = <selenium.webdriver.support.wait.WebDriverWait (session=\"fef8bc5409982785a453396e30d4b3e0\")>\nmethod = <function presence_of_element_located.<locals>._predicate at 0x7fb032448d30>\nmessage = ''\n\n    def until(self, method, message: str = \"\"):\n        \"\"\"Calls the method provided with the driver as an argument until the \\\n        return value does not evaluate to ``False``.\n    \n        :param method: callable(WebDriver)\n        :param message: optional message for :exc:`TimeoutException`\n        :returns: the result of the last call to `method`\n        :raises: :exc:`selenium.common.exceptions.TimeoutException` if timeout occurs\n        \"\"\"\n        screen = None\n        stacktrace = None\n    \n        end_time = time.monotonic() + self._timeout\n        while True:\n            try:\n                value = method(self._driver)\n                if value:\n                    return value\n            except self._ignored_exceptions as exc:\n                screen = getattr(exc, \"screen\", None)\n                stacktrace = getattr(exc, \"stacktrace\", None)\n            time.sleep(self._poll)\n            if time.monotonic() > end_time:\n                break\n>       raise TimeoutException(message, screen, stacktrace)\nE       selenium.common.exceptions.TimeoutException: Message: \nE       Stacktrace:\nE       #0 0x556929cede23 <unknown>\nE       #1 0x556929a167a7 <unknown>\nE       #2 0x556929a551d3 <unknown>\nE       #3 0x556929a552c1 <unknown>\nE       #4 0x556929a90a04 <unknown>\nE       #5 0x556929a7603d <unknown>\nE       #6 0x556929a8e369 <unknown>\nE       #7 0x556929a75de3 <unknown>\nE       #8 0x556929a49a7b <unknown>\nE       #9 0x556929a4a81e <unknown>\nE       #10 0x556929caf638 <unknown>\nE       #11 0x556929cb3507 <unknown>\nE       #12 0x556929cbdc4c <unknown>\nE       #13 0x556929cb4136 <unknown>\nE       #14 0x556929c829cf <unknown>\nE       #15 0x556929cd7b98 <unknown>\nE       #16 0x556929cd7d68 <unknown>\nE       #17 0x556929ce6cb3 <unknown>\nE       #18 0x7f19f8894b43 <unknown>\n\n/opt/hostedtoolcache/Python/3.10.13/x64/lib/python3.10/site-packages/selenium/webdriver/support/wait.py:95: TimeoutException","steps":[{"name":"Test Smoke send sms.","time":{"start":1695251603346,"stop":1695251618204,"duration":14858},"status":"broken","statusMessage":"selenium.common.exceptions.TimeoutException: Message: \nStacktrace:\n#0 0x556929cede23 <unknown>\n#1 0x556929a167a7 <unknown>\n#2 0x556929a551d3 <unknown>\n#3 0x556929a552c1 <unknown>\n#4 0x556929a90a04 <unknown>\n#5 0x556929a7603d <unknown>\n#6 0x556929a8e369 <unknown>\n#7 0x556929a75de3 <unknown>\n#8 0x556929a49a7b <unknown>\n#9 0x556929a4a81e <unknown>\n#10 0x556929caf638 <unknown>\n#11 0x556929cb3507 <unknown>\n#12 0x556929cbdc4c <unknown>\n#13 0x556929cb4136 <unknown>\n#14 0x556929c829cf <unknown>\n#15 0x556929cd7b98 <unknown>\n#16 0x556929cd7d68 <unknown>\n#17 0x556929ce6cb3 <unknown>\n#18 0x7f19f8894b43 <unknown>\n\n","statusTrace":"  File \"/opt/hostedtoolcache/Python/3.10.13/x64/lib/python3.10/site-packages/allure_commons/_allure.py\", line 192, in impl\n    return func(*a, **kw)\n  File \"/home/runner/work/xxx/xxx/tests/test_main_page.py\", line 27, in test_create_sms\n    main_page.authorization()\n  File \"/home/runner/work/xxx/xxx/pages/main_page.py\", line 23, in authorization\n    good_evening_text = self.element_is_presence(self.locators.GOOD_EVENING_TEXT).text\n  File \"/home/runner/work/xxx/xxx/pages/base_page.py\", line 34, in element_is_presence\n    return wait(self.driver, self.time_out).until(EC.presence_of_element_located(locator))\n  File \"/opt/hostedtoolcache/Python/3.10.13/x64/lib/python3.10/site-packages/selenium/webdriver/support/wait.py\", line 95, in until\n    raise TimeoutException(message, screen, stacktrace)\n","steps":[{"name":"Open page: https://my.fortvision.com/#/dashboard","time":{"start":1695251603346,"stop":1695251605282,"duration":1936},"status":"passed","steps":[],"attachments":[],"parameters":[],"shouldDisplayMessage":false,"stepsCount":0,"attachmentsCount":0,"hasContent":false},{"name":"Input email: .","time":{"start":1695251605282,"stop":1695251606706,"duration":1424},"status":"passed","steps":[{"name":"Check element is presence: ('xpath', \"//input[@id='email']\")","time":{"start":1695251605282,"stop":1695251606484,"duration":1202},"status":"passed","steps":[],"attachments":[],"parameters":[],"shouldDisplayMessage":false,"stepsCount":0,"attachmentsCount":0,"hasContent":false}],"attachments":[],"parameters":[],"shouldDisplayMessage":false,"stepsCount":1,"attachmentsCount":0,"hasContent":true},{"name":"Check element is presence: ('xpath', \"//input[@id='password']\")","time":{"start":1695251606706,"stop":1695251606726,"duration":20},"status":"passed","steps":[],"attachments":[],"parameters":[],"shouldDisplayMessage":false,"stepsCount":0,"attachmentsCount":0,"hasContent":false},{"name":"Click button: LOG IN.","time":{"start":1695251606835,"stop":1695251607685,"duration":850},"status":"passed","steps":[{"name":"Check element is presence: ('xpath', \"//button[@class='button button-big button-blue']\")","time":{"start":1695251606835,"stop":1695251606912,"duration":77},"status":"passed","steps":[],"attachments":[],"parameters":[],"shouldDisplayMessage":false,"stepsCount":0,"attachmentsCount":0,"hasContent":false}],"attachments":[],"parameters":[],"shouldDisplayMessage":false,"stepsCount":1,"attachmentsCount":0,"hasContent":true},{"name":"Check word \"Good\" is presence in footer.","time":{"start":1695251607685,"stop":1695251618204,"duration":10519},"status":"broken","statusMessage":"selenium.common.exceptions.TimeoutException: Message: \nStacktrace:\n#0 0x556929cede23 <unknown>\n#1 0x556929a167a7 <unknown>\n#2 0x556929a551d3 <unknown>\n#3 0x556929a552c1 <unknown>\n#4 0x556929a90a04 <unknown>\n#5 0x556929a7603d <unknown>\n#6 0x556929a8e369 <unknown>\n#7 0x556929a75de3 <unknown>\n#8 0x556929a49a7b <unknown>\n#9 0x556929a4a81e <unknown>\n#10 0x556929caf638 <unknown>\n#11 0x556929cb3507 <unknown>\n#12 0x556929cbdc4c <unknown>\n#13 0x556929cb4136 <unknown>\n#14 0x556929c829cf <unknown>\n#15 0x556929cd7b98 <unknown>\n#16 0x556929cd7d68 <unknown>\n#17 0x556929ce6cb3 <unknown>\n#18 0x7f19f8894b43 <unknown>\n\n","statusTrace":"  File \"/home/runner/work/xxx/xxx/pages/main_page.py\", line 23, in authorization\n    good_evening_text = self.element_is_presence(self.locators.GOOD_EVENING_TEXT).text\n  File \"/home/runner/work/xxx/xxx/pages/base_page.py\", line 34, in element_is_presence\n    return wait(self.driver, self.time_out).until(EC.presence_of_element_located(locator))\n  File \"/opt/hostedtoolcache/Python/3.10.13/x64/lib/python3.10/site-packages/selenium/webdriver/support/wait.py\", line 95, in until\n    raise TimeoutException(message, screen, stacktrace)\n","steps":[{"name":"Check element is presence: ('xpath', \"//div[@class='title'][contains(.,'Good')]\")","time":{"start":1695251607685,"stop":1695251618204,"duration":10519},"status":"broken","statusMessage":"selenium.common.exceptions.TimeoutException: Message: \nStacktrace:\n#0 0x556929cede23 <unknown>\n#1 0x556929a167a7 <unknown>\n#2 0x556929a551d3 <unknown>\n#3 0x556929a552c1 <unknown>\n#4 0x556929a90a04 <unknown>\n#5 0x556929a7603d <unknown>\n#6 0x556929a8e369 <unknown>\n#7 0x556929a75de3 <unknown>\n#8 0x556929a49a7b <unknown>\n#9 0x556929a4a81e <unknown>\n#10 0x556929caf638 <unknown>\n#11 0x556929cb3507 <unknown>\n#12 0x556929cbdc4c <unknown>\n#13 0x556929cb4136 <unknown>\n#14 0x556929c829cf <unknown>\n#15 0x556929cd7b98 <unknown>\n#16 0x556929cd7d68 <unknown>\n#17 0x556929ce6cb3 <unknown>\n#18 0x7f19f8894b43 <unknown>\n\n","statusTrace":"  File \"/home/runner/work/xxx/xxx/pages/base_page.py\", line 34, in element_is_presence\n    return wait(self.driver, self.time_out).until(EC.presence_of_element_located(locator))\n  File \"/opt/hostedtoolcache/Python/3.10.13/x64/lib/python3.10/site-packages/selenium/webdriver/support/wait.py\", line 95, in until\n    raise TimeoutException(message, screen, stacktrace)\n","steps":[],"attachments":[],"parameters":[],"shouldDisplayMessage":true,"stepsCount":0,"attachmentsCount":0,"hasContent":true}],"attachments":[],"parameters":[],"shouldDisplayMessage":false,"stepsCount":1,"attachmentsCount":0,"hasContent":true}],"attachments":[],"parameters":[{"name":"driver","value":"<selenium.webdriver.chrome.webdriver.WebDriver (session=\"fef8bc5409982785a453396e30d4b3e0\")>"}],"shouldDisplayMessage":false,"stepsCount":8,"attachmentsCount":0,"hasContent":true}],"attachments":[],"parameters":[],"shouldDisplayMessage":true,"stepsCount":9,"attachmentsCount":0,"hasContent":true},"afterStages":[{"name":"driver::0","time":{"start":1695251618218,"stop":1695251618369,"duration":151},"status":"passed","steps":[],"attachments":[{"uid":"b50990918302d10f","name":"Screenshot 2023-09-20 23:13:38.302009","source":"b50990918302d10f.png","type":"image/png","size":56609}],"parameters":[],"shouldDisplayMessage":false,"stepsCount":0,"attachmentsCount":1,"hasContent":true}],"labels":[{"name":"suite","value":"Test Main Page"},{"name":"tag","value":"@pytest.mark.xfail"},{"name":"parentSuite","value":"tests"},{"name":"subSuite","value":"TestMainPage"},{"name":"host","value":"fv-az502-728"},{"name":"thread","value":"2036-MainThread"},{"name":"framework","value":"pytest"},{"name":"language","value":"cpython3"},{"name":"package","value":"tests.test_main_page"},{"name":"resultFormat","value":"allure2"}],"parameters":[],"links":[],"hidden":false,"retry":false,"extra":{"severity":"normal","retries":[],"categories":[],"tags":["@pytest.mark.xfail"]},"source":"2095ad66269efd15.json","parameterValues":[]}