{"uid":"8ef5bbe6d66890aa","name":"test_fill_form","fullName":"tests.test_main_page.TestMainPage#test_fill_form","historyId":"133ce70ee30b157974d905247af328d9","time":{"start":1695251882369,"stop":1695251894595,"duration":12226},"status":"skipped","statusMessage":"XFAIL\n\nselenium.common.exceptions.TimeoutException: Message: \nStacktrace:\n#0 0x55b8ea565e23 <unknown>\n#1 0x55b8ea28e7a7 <unknown>\n#2 0x55b8ea2cd1d3 <unknown>\n#3 0x55b8ea2cd2c1 <unknown>\n#4 0x55b8ea308a04 <unknown>\n#5 0x55b8ea2ee03d <unknown>\n#6 0x55b8ea306369 <unknown>\n#7 0x55b8ea2edde3 <unknown>\n#8 0x55b8ea2c1a7b <unknown>\n#9 0x55b8ea2c281e <unknown>\n#10 0x55b8ea527638 <unknown>\n#11 0x55b8ea52b507 <unknown>\n#12 0x55b8ea535c4c <unknown>\n#13 0x55b8ea52c136 <unknown>\n#14 0x55b8ea4fa9cf <unknown>\n#15 0x55b8ea54fb98 <unknown>\n#16 0x55b8ea54fd68 <unknown>\n#17 0x55b8ea55ecb3 <unknown>\n#18 0x7fe0dae94b43 <unknown>","statusTrace":"self = <tests.test_main_page.TestMainPage object at 0x7ff435820a60>\ndriver = <selenium.webdriver.chrome.webdriver.WebDriver (session=\"572c48d173a1e38cb777a6b59e6093d4\")>\n\n    @allure.step('Test Authorization.')\n    @pytest.mark.xfail\n    def test_fill_form(self, driver):\n        test_elements = MainPage(driver, 'https://my.fortvision.com/#/login')\n        test_elements.open()\n>       result = test_elements.authorization()\n\ntests/test_main_page.py:19: \n_ _ _ _ _ _ _ _ _ _ _ _ _ _ _ _ _ _ _ _ _ _ _ _ _ _ _ _ _ _ _ _ _ _ _ _ _ _ _ _ \npages/main_page.py:23: in authorization\n    good_evening_text = self.element_is_presence(self.locators.GOOD_EVENING_TEXT).text\npages/base_page.py:34: in element_is_presence\n    return wait(self.driver, self.time_out).until(EC.presence_of_element_located(locator))\n_ _ _ _ _ _ _ _ _ _ _ _ _ _ _ _ _ _ _ _ _ _ _ _ _ _ _ _ _ _ _ _ _ _ _ _ _ _ _ _ \n\nself = <selenium.webdriver.support.wait.WebDriverWait (session=\"572c48d173a1e38cb777a6b59e6093d4\")>\nmethod = <function presence_of_element_located.<locals>._predicate at 0x7ff435856290>\nmessage = ''\n\n    def until(self, method, message: str = \"\"):\n        \"\"\"Calls the method provided with the driver as an argument until the \\\n        return value does not evaluate to ``False``.\n    \n        :param method: callable(WebDriver)\n        :param message: optional message for :exc:`TimeoutException`\n        :returns: the result of the last call to `method`\n        :raises: :exc:`selenium.common.exceptions.TimeoutException` if timeout occurs\n        \"\"\"\n        screen = None\n        stacktrace = None\n    \n        end_time = time.monotonic() + self._timeout\n        while True:\n            try:\n                value = method(self._driver)\n                if value:\n                    return value\n            except self._ignored_exceptions as exc:\n                screen = getattr(exc, \"screen\", None)\n                stacktrace = getattr(exc, \"stacktrace\", None)\n            time.sleep(self._poll)\n            if time.monotonic() > end_time:\n                break\n>       raise TimeoutException(message, screen, stacktrace)\nE       selenium.common.exceptions.TimeoutException: Message: \nE       Stacktrace:\nE       #0 0x55b8ea565e23 <unknown>\nE       #1 0x55b8ea28e7a7 <unknown>\nE       #2 0x55b8ea2cd1d3 <unknown>\nE       #3 0x55b8ea2cd2c1 <unknown>\nE       #4 0x55b8ea308a04 <unknown>\nE       #5 0x55b8ea2ee03d <unknown>\nE       #6 0x55b8ea306369 <unknown>\nE       #7 0x55b8ea2edde3 <unknown>\nE       #8 0x55b8ea2c1a7b <unknown>\nE       #9 0x55b8ea2c281e <unknown>\nE       #10 0x55b8ea527638 <unknown>\nE       #11 0x55b8ea52b507 <unknown>\nE       #12 0x55b8ea535c4c <unknown>\nE       #13 0x55b8ea52c136 <unknown>\nE       #14 0x55b8ea4fa9cf <unknown>\nE       #15 0x55b8ea54fb98 <unknown>\nE       #16 0x55b8ea54fd68 <unknown>\nE       #17 0x55b8ea55ecb3 <unknown>\nE       #18 0x7fe0dae94b43 <unknown>\n\n/opt/hostedtoolcache/Python/3.10.13/x64/lib/python3.10/site-packages/selenium/webdriver/support/wait.py:95: TimeoutException","flaky":false,"newFailed":false,"newBroken":false,"newPassed":false,"retriesCount":0,"retriesStatusChange":false,"beforeStages":[{"name":"driver","time":{"start":1695251881282,"stop":1695251882368,"duration":1086},"status":"passed","steps":[],"attachments":[],"parameters":[],"shouldDisplayMessage":false,"stepsCount":0,"attachmentsCount":0,"hasContent":false}],"testStage":{"status":"skipped","statusMessage":"XFAIL\n\nselenium.common.exceptions.TimeoutException: Message: \nStacktrace:\n#0 0x55b8ea565e23 <unknown>\n#1 0x55b8ea28e7a7 <unknown>\n#2 0x55b8ea2cd1d3 <unknown>\n#3 0x55b8ea2cd2c1 <unknown>\n#4 0x55b8ea308a04 <unknown>\n#5 0x55b8ea2ee03d <unknown>\n#6 0x55b8ea306369 <unknown>\n#7 0x55b8ea2edde3 <unknown>\n#8 0x55b8ea2c1a7b <unknown>\n#9 0x55b8ea2c281e <unknown>\n#10 0x55b8ea527638 <unknown>\n#11 0x55b8ea52b507 <unknown>\n#12 0x55b8ea535c4c <unknown>\n#13 0x55b8ea52c136 <unknown>\n#14 0x55b8ea4fa9cf <unknown>\n#15 0x55b8ea54fb98 <unknown>\n#16 0x55b8ea54fd68 <unknown>\n#17 0x55b8ea55ecb3 <unknown>\n#18 0x7fe0dae94b43 <unknown>","statusTrace":"self = <tests.test_main_page.TestMainPage object at 0x7ff435820a60>\ndriver = <selenium.webdriver.chrome.webdriver.WebDriver (session=\"572c48d173a1e38cb777a6b59e6093d4\")>\n\n    @allure.step('Test Authorization.')\n    @pytest.mark.xfail\n    def test_fill_form(self, driver):\n        test_elements = MainPage(driver, 'https://my.fortvision.com/#/login')\n        test_elements.open()\n>       result = test_elements.authorization()\n\ntests/test_main_page.py:19: \n_ _ _ _ _ _ _ _ _ _ _ _ _ _ _ _ _ _ _ _ _ _ _ _ _ _ _ _ _ _ _ _ _ _ _ _ _ _ _ _ \npages/main_page.py:23: in authorization\n    good_evening_text = self.element_is_presence(self.locators.GOOD_EVENING_TEXT).text\npages/base_page.py:34: in element_is_presence\n    return wait(self.driver, self.time_out).until(EC.presence_of_element_located(locator))\n_ _ _ _ _ _ _ _ _ _ _ _ _ _ _ _ _ _ _ _ _ _ _ _ _ _ _ _ _ _ _ _ _ _ _ _ _ _ _ _ \n\nself = <selenium.webdriver.support.wait.WebDriverWait (session=\"572c48d173a1e38cb777a6b59e6093d4\")>\nmethod = <function presence_of_element_located.<locals>._predicate at 0x7ff435856290>\nmessage = ''\n\n    def until(self, method, message: str = \"\"):\n        \"\"\"Calls the method provided with the driver as an argument until the \\\n        return value does not evaluate to ``False``.\n    \n        :param method: callable(WebDriver)\n        :param message: optional message for :exc:`TimeoutException`\n        :returns: the result of the last call to `method`\n        :raises: :exc:`selenium.common.exceptions.TimeoutException` if timeout occurs\n        \"\"\"\n        screen = None\n        stacktrace = None\n    \n        end_time = time.monotonic() + self._timeout\n        while True:\n            try:\n                value = method(self._driver)\n                if value:\n                    return value\n            except self._ignored_exceptions as exc:\n                screen = getattr(exc, \"screen\", None)\n                stacktrace = getattr(exc, \"stacktrace\", None)\n            time.sleep(self._poll)\n            if time.monotonic() > end_time:\n                break\n>       raise TimeoutException(message, screen, stacktrace)\nE       selenium.common.exceptions.TimeoutException: Message: \nE       Stacktrace:\nE       #0 0x55b8ea565e23 <unknown>\nE       #1 0x55b8ea28e7a7 <unknown>\nE       #2 0x55b8ea2cd1d3 <unknown>\nE       #3 0x55b8ea2cd2c1 <unknown>\nE       #4 0x55b8ea308a04 <unknown>\nE       #5 0x55b8ea2ee03d <unknown>\nE       #6 0x55b8ea306369 <unknown>\nE       #7 0x55b8ea2edde3 <unknown>\nE       #8 0x55b8ea2c1a7b <unknown>\nE       #9 0x55b8ea2c281e <unknown>\nE       #10 0x55b8ea527638 <unknown>\nE       #11 0x55b8ea52b507 <unknown>\nE       #12 0x55b8ea535c4c <unknown>\nE       #13 0x55b8ea52c136 <unknown>\nE       #14 0x55b8ea4fa9cf <unknown>\nE       #15 0x55b8ea54fb98 <unknown>\nE       #16 0x55b8ea54fd68 <unknown>\nE       #17 0x55b8ea55ecb3 <unknown>\nE       #18 0x7fe0dae94b43 <unknown>\n\n/opt/hostedtoolcache/Python/3.10.13/x64/lib/python3.10/site-packages/selenium/webdriver/support/wait.py:95: TimeoutException","steps":[{"name":"Test Authorization.","time":{"start":1695251882369,"stop":1695251894594,"duration":12225},"status":"broken","statusMessage":"selenium.common.exceptions.TimeoutException: Message: \nStacktrace:\n#0 0x55b8ea565e23 <unknown>\n#1 0x55b8ea28e7a7 <unknown>\n#2 0x55b8ea2cd1d3 <unknown>\n#3 0x55b8ea2cd2c1 <unknown>\n#4 0x55b8ea308a04 <unknown>\n#5 0x55b8ea2ee03d <unknown>\n#6 0x55b8ea306369 <unknown>\n#7 0x55b8ea2edde3 <unknown>\n#8 0x55b8ea2c1a7b <unknown>\n#9 0x55b8ea2c281e <unknown>\n#10 0x55b8ea527638 <unknown>\n#11 0x55b8ea52b507 <unknown>\n#12 0x55b8ea535c4c <unknown>\n#13 0x55b8ea52c136 <unknown>\n#14 0x55b8ea4fa9cf <unknown>\n#15 0x55b8ea54fb98 <unknown>\n#16 0x55b8ea54fd68 <unknown>\n#17 0x55b8ea55ecb3 <unknown>\n#18 0x7fe0dae94b43 <unknown>\n\n","statusTrace":"  File \"/opt/hostedtoolcache/Python/3.10.13/x64/lib/python3.10/site-packages/allure_commons/_allure.py\", line 192, in impl\n    return func(*a, **kw)\n  File \"/home/runner/work/fortvision_task_ui_with_ci/fortvision_task_ui_with_ci/tests/test_main_page.py\", line 19, in test_fill_form\n    result = test_elements.authorization()\n  File \"/home/runner/work/fortvision_task_ui_with_ci/fortvision_task_ui_with_ci/pages/main_page.py\", line 23, in authorization\n    good_evening_text = self.element_is_presence(self.locators.GOOD_EVENING_TEXT).text\n  File \"/home/runner/work/fortvision_task_ui_with_ci/fortvision_task_ui_with_ci/pages/base_page.py\", line 34, in element_is_presence\n    return wait(self.driver, self.time_out).until(EC.presence_of_element_located(locator))\n  File \"/opt/hostedtoolcache/Python/3.10.13/x64/lib/python3.10/site-packages/selenium/webdriver/support/wait.py\", line 95, in until\n    raise TimeoutException(message, screen, stacktrace)\n","steps":[{"name":"Open page: https://my.fortvision.com/#/login","time":{"start":1695251882369,"stop":1695251883269,"duration":900},"status":"passed","steps":[],"attachments":[],"parameters":[],"shouldDisplayMessage":false,"stepsCount":0,"attachmentsCount":0,"hasContent":false},{"name":"Input email: .","time":{"start":1695251883269,"stop":1695251883884,"duration":615},"status":"passed","steps":[{"name":"Check element is presence: ('xpath', \"//input[@id='email']\")","time":{"start":1695251883269,"stop":1695251883299,"duration":30},"status":"passed","steps":[],"attachments":[],"parameters":[],"shouldDisplayMessage":false,"stepsCount":0,"attachmentsCount":0,"hasContent":false}],"attachments":[],"parameters":[],"shouldDisplayMessage":false,"stepsCount":1,"attachmentsCount":0,"hasContent":true},{"name":"Check element is presence: ('xpath', \"//input[@id='password']\")","time":{"start":1695251883884,"stop":1695251883936,"duration":52},"status":"passed","steps":[],"attachments":[],"parameters":[],"shouldDisplayMessage":false,"stepsCount":0,"attachmentsCount":0,"hasContent":false},{"name":"Click button: LOG IN.","time":{"start":1695251884012,"stop":1695251884061,"duration":49},"status":"passed","steps":[{"name":"Check element is presence: ('xpath', \"//button[@class='button button-big button-blue']\")","time":{"start":1695251884012,"stop":1695251884023,"duration":11},"status":"passed","steps":[],"attachments":[],"parameters":[],"shouldDisplayMessage":false,"stepsCount":0,"attachmentsCount":0,"hasContent":false}],"attachments":[],"parameters":[],"shouldDisplayMessage":false,"stepsCount":1,"attachmentsCount":0,"hasContent":true},{"name":"Check word \"Good\" is presence in footer.","time":{"start":1695251884061,"stop":1695251894594,"duration":10533},"status":"broken","statusMessage":"selenium.common.exceptions.TimeoutException: Message: \nStacktrace:\n#0 0x55b8ea565e23 <unknown>\n#1 0x55b8ea28e7a7 <unknown>\n#2 0x55b8ea2cd1d3 <unknown>\n#3 0x55b8ea2cd2c1 <unknown>\n#4 0x55b8ea308a04 <unknown>\n#5 0x55b8ea2ee03d <unknown>\n#6 0x55b8ea306369 <unknown>\n#7 0x55b8ea2edde3 <unknown>\n#8 0x55b8ea2c1a7b <unknown>\n#9 0x55b8ea2c281e <unknown>\n#10 0x55b8ea527638 <unknown>\n#11 0x55b8ea52b507 <unknown>\n#12 0x55b8ea535c4c <unknown>\n#13 0x55b8ea52c136 <unknown>\n#14 0x55b8ea4fa9cf <unknown>\n#15 0x55b8ea54fb98 <unknown>\n#16 0x55b8ea54fd68 <unknown>\n#17 0x55b8ea55ecb3 <unknown>\n#18 0x7fe0dae94b43 <unknown>\n\n","statusTrace":"  File \"/home/runner/work/fortvision_task_ui_with_ci/fortvision_task_ui_with_ci/pages/main_page.py\", line 23, in authorization\n    good_evening_text = self.element_is_presence(self.locators.GOOD_EVENING_TEXT).text\n  File \"/home/runner/work/fortvision_task_ui_with_ci/fortvision_task_ui_with_ci/pages/base_page.py\", line 34, in element_is_presence\n    return wait(self.driver, self.time_out).until(EC.presence_of_element_located(locator))\n  File \"/opt/hostedtoolcache/Python/3.10.13/x64/lib/python3.10/site-packages/selenium/webdriver/support/wait.py\", line 95, in until\n    raise TimeoutException(message, screen, stacktrace)\n","steps":[{"name":"Check element is presence: ('xpath', \"//div[@class='title'][contains(.,'Good')]\")","time":{"start":1695251884061,"stop":1695251894594,"duration":10533},"status":"broken","statusMessage":"selenium.common.exceptions.TimeoutException: Message: \nStacktrace:\n#0 0x55b8ea565e23 <unknown>\n#1 0x55b8ea28e7a7 <unknown>\n#2 0x55b8ea2cd1d3 <unknown>\n#3 0x55b8ea2cd2c1 <unknown>\n#4 0x55b8ea308a04 <unknown>\n#5 0x55b8ea2ee03d <unknown>\n#6 0x55b8ea306369 <unknown>\n#7 0x55b8ea2edde3 <unknown>\n#8 0x55b8ea2c1a7b <unknown>\n#9 0x55b8ea2c281e <unknown>\n#10 0x55b8ea527638 <unknown>\n#11 0x55b8ea52b507 <unknown>\n#12 0x55b8ea535c4c <unknown>\n#13 0x55b8ea52c136 <unknown>\n#14 0x55b8ea4fa9cf <unknown>\n#15 0x55b8ea54fb98 <unknown>\n#16 0x55b8ea54fd68 <unknown>\n#17 0x55b8ea55ecb3 <unknown>\n#18 0x7fe0dae94b43 <unknown>\n\n","statusTrace":"  File \"/home/runner/work/fortvision_task_ui_with_ci/fortvision_task_ui_with_ci/pages/base_page.py\", line 34, in element_is_presence\n    return wait(self.driver, self.time_out).until(EC.presence_of_element_located(locator))\n  File \"/opt/hostedtoolcache/Python/3.10.13/x64/lib/python3.10/site-packages/selenium/webdriver/support/wait.py\", line 95, in until\n    raise TimeoutException(message, screen, stacktrace)\n","steps":[],"attachments":[],"parameters":[],"shouldDisplayMessage":true,"stepsCount":0,"attachmentsCount":0,"hasContent":true}],"attachments":[],"parameters":[],"shouldDisplayMessage":false,"stepsCount":1,"attachmentsCount":0,"hasContent":true}],"attachments":[],"parameters":[{"name":"driver","value":"<selenium.webdriver.chrome.webdriver.WebDriver (session=\"572c48d173a1e38cb777a6b59e6093d4\")>"}],"shouldDisplayMessage":false,"stepsCount":8,"attachmentsCount":0,"hasContent":true}],"attachments":[],"parameters":[],"shouldDisplayMessage":true,"stepsCount":9,"attachmentsCount":0,"hasContent":true},"afterStages":[{"name":"driver::0","time":{"start":1695251894638,"stop":1695251894768,"duration":130},"status":"passed","steps":[],"attachments":[{"uid":"95aa3a52a4d43fab","name":"Screenshot 2023-09-20 23:18:14.707508","source":"95aa3a52a4d43fab.png","type":"image/png","size":56609}],"parameters":[],"shouldDisplayMessage":false,"stepsCount":0,"attachmentsCount":1,"hasContent":true}],"labels":[{"name":"suite","value":"Test Main Page"},{"name":"tag","value":"@pytest.mark.xfail"},{"name":"parentSuite","value":"tests"},{"name":"subSuite","value":"TestMainPage"},{"name":"host","value":"fv-az246-628"},{"name":"thread","value":"2032-MainThread"},{"name":"framework","value":"pytest"},{"name":"language","value":"cpython3"},{"name":"package","value":"tests.test_main_page"},{"name":"resultFormat","value":"allure2"}],"parameters":[],"links":[],"hidden":false,"retry":false,"extra":{"severity":"normal","retries":[],"categories":[],"tags":["@pytest.mark.xfail"]},"source":"8ef5bbe6d66890aa.json","parameterValues":[]}