{"uid":"9491bd915f742b79","name":"test_fill_form","fullName":"tests.test_main_page.TestMainPage#test_fill_form","historyId":"133ce70ee30b157974d905247af328d9","time":{"start":1695250856362,"stop":1695250868811,"duration":12449},"status":"skipped","statusMessage":"XFAIL\n\nselenium.common.exceptions.TimeoutException: Message: \nStacktrace:\n#0 0x55e035a44e23 <unknown>\n#1 0x55e03576d7a7 <unknown>\n#2 0x55e0357ac1d3 <unknown>\n#3 0x55e0357ac2c1 <unknown>\n#4 0x55e0357e7a04 <unknown>\n#5 0x55e0357cd03d <unknown>\n#6 0x55e0357e5369 <unknown>\n#7 0x55e0357ccde3 <unknown>\n#8 0x55e0357a0a7b <unknown>\n#9 0x55e0357a181e <unknown>\n#10 0x55e035a06638 <unknown>\n#11 0x55e035a0a507 <unknown>\n#12 0x55e035a14c4c <unknown>\n#13 0x55e035a0b136 <unknown>\n#14 0x55e0359d99cf <unknown>\n#15 0x55e035a2eb98 <unknown>\n#16 0x55e035a2ed68 <unknown>\n#17 0x55e035a3dcb3 <unknown>\n#18 0x7f823c494b43 <unknown>","statusTrace":"self = <tests.test_main_page.TestMainPage object at 0x7fece97fcfd0>\ndriver = <selenium.webdriver.chrome.webdriver.WebDriver (session=\"4be19118e6a64183bc145476590f8ace\")>\n\n    @allure.step('Test Authorization.')\n    @pytest.mark.xfail\n    def test_fill_form(self, driver):\n        test_elements = MainPage(driver, 'https://my.fortvision.com/#/login')\n        test_elements.open()\n>       result = test_elements.authorization()\n\ntests/test_main_page.py:19: \n_ _ _ _ _ _ _ _ _ _ _ _ _ _ _ _ _ _ _ _ _ _ _ _ _ _ _ _ _ _ _ _ _ _ _ _ _ _ _ _ \npages/main_page.py:23: in authorization\n    good_evening_text = self.element_is_presence(self.locators.GOOD_EVENING_TEXT).text\npages/base_page.py:34: in element_is_presence\n    return wait(self.driver, self.time_out).until(EC.presence_of_element_located(locator))\n_ _ _ _ _ _ _ _ _ _ _ _ _ _ _ _ _ _ _ _ _ _ _ _ _ _ _ _ _ _ _ _ _ _ _ _ _ _ _ _ \n\nself = <selenium.webdriver.support.wait.WebDriverWait (session=\"4be19118e6a64183bc145476590f8ace\")>\nmethod = <function presence_of_element_located.<locals>._predicate at 0x7fece982d6c0>\nmessage = ''\n\n    def until(self, method, message: str = \"\"):\n        \"\"\"Calls the method provided with the driver as an argument until the \\\n        return value does not evaluate to ``False``.\n    \n        :param method: callable(WebDriver)\n        :param message: optional message for :exc:`TimeoutException`\n        :returns: the result of the last call to `method`\n        :raises: :exc:`selenium.common.exceptions.TimeoutException` if timeout occurs\n        \"\"\"\n        screen = None\n        stacktrace = None\n    \n        end_time = time.monotonic() + self._timeout\n        while True:\n            try:\n                value = method(self._driver)\n                if value:\n                    return value\n            except self._ignored_exceptions as exc:\n                screen = getattr(exc, \"screen\", None)\n                stacktrace = getattr(exc, \"stacktrace\", None)\n            time.sleep(self._poll)\n            if time.monotonic() > end_time:\n                break\n>       raise TimeoutException(message, screen, stacktrace)\nE       selenium.common.exceptions.TimeoutException: Message: \nE       Stacktrace:\nE       #0 0x55e035a44e23 <unknown>\nE       #1 0x55e03576d7a7 <unknown>\nE       #2 0x55e0357ac1d3 <unknown>\nE       #3 0x55e0357ac2c1 <unknown>\nE       #4 0x55e0357e7a04 <unknown>\nE       #5 0x55e0357cd03d <unknown>\nE       #6 0x55e0357e5369 <unknown>\nE       #7 0x55e0357ccde3 <unknown>\nE       #8 0x55e0357a0a7b <unknown>\nE       #9 0x55e0357a181e <unknown>\nE       #10 0x55e035a06638 <unknown>\nE       #11 0x55e035a0a507 <unknown>\nE       #12 0x55e035a14c4c <unknown>\nE       #13 0x55e035a0b136 <unknown>\nE       #14 0x55e0359d99cf <unknown>\nE       #15 0x55e035a2eb98 <unknown>\nE       #16 0x55e035a2ed68 <unknown>\nE       #17 0x55e035a3dcb3 <unknown>\nE       #18 0x7f823c494b43 <unknown>\n\n/opt/hostedtoolcache/Python/3.10.13/x64/lib/python3.10/site-packages/selenium/webdriver/support/wait.py:95: TimeoutException","flaky":false,"newFailed":false,"newBroken":false,"newPassed":false,"retriesCount":0,"retriesStatusChange":false,"beforeStages":[{"name":"driver","time":{"start":1695250855266,"stop":1695250856361,"duration":1095},"status":"passed","steps":[],"attachments":[],"parameters":[],"shouldDisplayMessage":false,"stepsCount":0,"attachmentsCount":0,"hasContent":false}],"testStage":{"status":"skipped","statusMessage":"XFAIL\n\nselenium.common.exceptions.TimeoutException: Message: \nStacktrace:\n#0 0x55e035a44e23 <unknown>\n#1 0x55e03576d7a7 <unknown>\n#2 0x55e0357ac1d3 <unknown>\n#3 0x55e0357ac2c1 <unknown>\n#4 0x55e0357e7a04 <unknown>\n#5 0x55e0357cd03d <unknown>\n#6 0x55e0357e5369 <unknown>\n#7 0x55e0357ccde3 <unknown>\n#8 0x55e0357a0a7b <unknown>\n#9 0x55e0357a181e <unknown>\n#10 0x55e035a06638 <unknown>\n#11 0x55e035a0a507 <unknown>\n#12 0x55e035a14c4c <unknown>\n#13 0x55e035a0b136 <unknown>\n#14 0x55e0359d99cf <unknown>\n#15 0x55e035a2eb98 <unknown>\n#16 0x55e035a2ed68 <unknown>\n#17 0x55e035a3dcb3 <unknown>\n#18 0x7f823c494b43 <unknown>","statusTrace":"self = <tests.test_main_page.TestMainPage object at 0x7fece97fcfd0>\ndriver = <selenium.webdriver.chrome.webdriver.WebDriver (session=\"4be19118e6a64183bc145476590f8ace\")>\n\n    @allure.step('Test Authorization.')\n    @pytest.mark.xfail\n    def test_fill_form(self, driver):\n        test_elements = MainPage(driver, 'https://my.fortvision.com/#/login')\n        test_elements.open()\n>       result = test_elements.authorization()\n\ntests/test_main_page.py:19: \n_ _ _ _ _ _ _ _ _ _ _ _ _ _ _ _ _ _ _ _ _ _ _ _ _ _ _ _ _ _ _ _ _ _ _ _ _ _ _ _ \npages/main_page.py:23: in authorization\n    good_evening_text = self.element_is_presence(self.locators.GOOD_EVENING_TEXT).text\npages/base_page.py:34: in element_is_presence\n    return wait(self.driver, self.time_out).until(EC.presence_of_element_located(locator))\n_ _ _ _ _ _ _ _ _ _ _ _ _ _ _ _ _ _ _ _ _ _ _ _ _ _ _ _ _ _ _ _ _ _ _ _ _ _ _ _ \n\nself = <selenium.webdriver.support.wait.WebDriverWait (session=\"4be19118e6a64183bc145476590f8ace\")>\nmethod = <function presence_of_element_located.<locals>._predicate at 0x7fece982d6c0>\nmessage = ''\n\n    def until(self, method, message: str = \"\"):\n        \"\"\"Calls the method provided with the driver as an argument until the \\\n        return value does not evaluate to ``False``.\n    \n        :param method: callable(WebDriver)\n        :param message: optional message for :exc:`TimeoutException`\n        :returns: the result of the last call to `method`\n        :raises: :exc:`selenium.common.exceptions.TimeoutException` if timeout occurs\n        \"\"\"\n        screen = None\n        stacktrace = None\n    \n        end_time = time.monotonic() + self._timeout\n        while True:\n            try:\n                value = method(self._driver)\n                if value:\n                    return value\n            except self._ignored_exceptions as exc:\n                screen = getattr(exc, \"screen\", None)\n                stacktrace = getattr(exc, \"stacktrace\", None)\n            time.sleep(self._poll)\n            if time.monotonic() > end_time:\n                break\n>       raise TimeoutException(message, screen, stacktrace)\nE       selenium.common.exceptions.TimeoutException: Message: \nE       Stacktrace:\nE       #0 0x55e035a44e23 <unknown>\nE       #1 0x55e03576d7a7 <unknown>\nE       #2 0x55e0357ac1d3 <unknown>\nE       #3 0x55e0357ac2c1 <unknown>\nE       #4 0x55e0357e7a04 <unknown>\nE       #5 0x55e0357cd03d <unknown>\nE       #6 0x55e0357e5369 <unknown>\nE       #7 0x55e0357ccde3 <unknown>\nE       #8 0x55e0357a0a7b <unknown>\nE       #9 0x55e0357a181e <unknown>\nE       #10 0x55e035a06638 <unknown>\nE       #11 0x55e035a0a507 <unknown>\nE       #12 0x55e035a14c4c <unknown>\nE       #13 0x55e035a0b136 <unknown>\nE       #14 0x55e0359d99cf <unknown>\nE       #15 0x55e035a2eb98 <unknown>\nE       #16 0x55e035a2ed68 <unknown>\nE       #17 0x55e035a3dcb3 <unknown>\nE       #18 0x7f823c494b43 <unknown>\n\n/opt/hostedtoolcache/Python/3.10.13/x64/lib/python3.10/site-packages/selenium/webdriver/support/wait.py:95: TimeoutException","steps":[{"name":"Test Authorization.","time":{"start":1695250856362,"stop":1695250868811,"duration":12449},"status":"broken","statusMessage":"selenium.common.exceptions.TimeoutException: Message: \nStacktrace:\n#0 0x55e035a44e23 <unknown>\n#1 0x55e03576d7a7 <unknown>\n#2 0x55e0357ac1d3 <unknown>\n#3 0x55e0357ac2c1 <unknown>\n#4 0x55e0357e7a04 <unknown>\n#5 0x55e0357cd03d <unknown>\n#6 0x55e0357e5369 <unknown>\n#7 0x55e0357ccde3 <unknown>\n#8 0x55e0357a0a7b <unknown>\n#9 0x55e0357a181e <unknown>\n#10 0x55e035a06638 <unknown>\n#11 0x55e035a0a507 <unknown>\n#12 0x55e035a14c4c <unknown>\n#13 0x55e035a0b136 <unknown>\n#14 0x55e0359d99cf <unknown>\n#15 0x55e035a2eb98 <unknown>\n#16 0x55e035a2ed68 <unknown>\n#17 0x55e035a3dcb3 <unknown>\n#18 0x7f823c494b43 <unknown>\n\n","statusTrace":"  File \"/opt/hostedtoolcache/Python/3.10.13/x64/lib/python3.10/site-packages/allure_commons/_allure.py\", line 192, in impl\n    return func(*a, **kw)\n  File \"/home/runner/work/xxx/xxx/tests/test_main_page.py\", line 19, in test_fill_form\n    result = test_elements.authorization()\n  File \"/home/runner/work/xxx/xxx/pages/main_page.py\", line 23, in authorization\n    good_evening_text = self.element_is_presence(self.locators.GOOD_EVENING_TEXT).text\n  File \"/home/runner/work/xxx/xxx/pages/base_page.py\", line 34, in element_is_presence\n    return wait(self.driver, self.time_out).until(EC.presence_of_element_located(locator))\n  File \"/opt/hostedtoolcache/Python/3.10.13/x64/lib/python3.10/site-packages/selenium/webdriver/support/wait.py\", line 95, in until\n    raise TimeoutException(message, screen, stacktrace)\n","steps":[{"name":"Open page: https://my.fortvision.com/#/login","time":{"start":1695250856362,"stop":1695250857882,"duration":1520},"status":"passed","steps":[],"attachments":[],"parameters":[],"shouldDisplayMessage":false,"stepsCount":0,"attachmentsCount":0,"hasContent":false},{"name":"Input email: .","time":{"start":1695250857882,"stop":1695250858198,"duration":316},"status":"passed","steps":[{"name":"Check element is presence: ('xpath', \"//input[@id='email']\")","time":{"start":1695250857882,"stop":1695250857976,"duration":94},"status":"passed","steps":[],"attachments":[],"parameters":[],"shouldDisplayMessage":false,"stepsCount":0,"attachmentsCount":0,"hasContent":false}],"attachments":[],"parameters":[],"shouldDisplayMessage":false,"stepsCount":1,"attachmentsCount":0,"hasContent":true},{"name":"Check element is presence: ('xpath', \"//input[@id='password']\")","time":{"start":1695250858199,"stop":1695250858210,"duration":11},"status":"passed","steps":[],"attachments":[],"parameters":[],"shouldDisplayMessage":false,"stepsCount":0,"attachmentsCount":0,"hasContent":false},{"name":"Click button: LOG IN.","time":{"start":1695250858246,"stop":1695250858289,"duration":43},"status":"passed","steps":[{"name":"Check element is presence: ('xpath', \"//button[@class='button button-big button-blue']\")","time":{"start":1695250858246,"stop":1695250858257,"duration":11},"status":"passed","steps":[],"attachments":[],"parameters":[],"shouldDisplayMessage":false,"stepsCount":0,"attachmentsCount":0,"hasContent":false}],"attachments":[],"parameters":[],"shouldDisplayMessage":false,"stepsCount":1,"attachmentsCount":0,"hasContent":true},{"name":"Check word \"Good\" is presence in footer.","time":{"start":1695250858289,"stop":1695250868811,"duration":10522},"status":"broken","statusMessage":"selenium.common.exceptions.TimeoutException: Message: \nStacktrace:\n#0 0x55e035a44e23 <unknown>\n#1 0x55e03576d7a7 <unknown>\n#2 0x55e0357ac1d3 <unknown>\n#3 0x55e0357ac2c1 <unknown>\n#4 0x55e0357e7a04 <unknown>\n#5 0x55e0357cd03d <unknown>\n#6 0x55e0357e5369 <unknown>\n#7 0x55e0357ccde3 <unknown>\n#8 0x55e0357a0a7b <unknown>\n#9 0x55e0357a181e <unknown>\n#10 0x55e035a06638 <unknown>\n#11 0x55e035a0a507 <unknown>\n#12 0x55e035a14c4c <unknown>\n#13 0x55e035a0b136 <unknown>\n#14 0x55e0359d99cf <unknown>\n#15 0x55e035a2eb98 <unknown>\n#16 0x55e035a2ed68 <unknown>\n#17 0x55e035a3dcb3 <unknown>\n#18 0x7f823c494b43 <unknown>\n\n","statusTrace":"  File \"/home/runner/work/xxx/xxx/pages/main_page.py\", line 23, in authorization\n    good_evening_text = self.element_is_presence(self.locators.GOOD_EVENING_TEXT).text\n  File \"/home/runner/work/xxx/xxx/pages/base_page.py\", line 34, in element_is_presence\n    return wait(self.driver, self.time_out).until(EC.presence_of_element_located(locator))\n  File \"/opt/hostedtoolcache/Python/3.10.13/x64/lib/python3.10/site-packages/selenium/webdriver/support/wait.py\", line 95, in until\n    raise TimeoutException(message, screen, stacktrace)\n","steps":[{"name":"Check element is presence: ('xpath', \"//div[@class='title'][contains(.,'Good')]\")","time":{"start":1695250858289,"stop":1695250868810,"duration":10521},"status":"broken","statusMessage":"selenium.common.exceptions.TimeoutException: Message: \nStacktrace:\n#0 0x55e035a44e23 <unknown>\n#1 0x55e03576d7a7 <unknown>\n#2 0x55e0357ac1d3 <unknown>\n#3 0x55e0357ac2c1 <unknown>\n#4 0x55e0357e7a04 <unknown>\n#5 0x55e0357cd03d <unknown>\n#6 0x55e0357e5369 <unknown>\n#7 0x55e0357ccde3 <unknown>\n#8 0x55e0357a0a7b <unknown>\n#9 0x55e0357a181e <unknown>\n#10 0x55e035a06638 <unknown>\n#11 0x55e035a0a507 <unknown>\n#12 0x55e035a14c4c <unknown>\n#13 0x55e035a0b136 <unknown>\n#14 0x55e0359d99cf <unknown>\n#15 0x55e035a2eb98 <unknown>\n#16 0x55e035a2ed68 <unknown>\n#17 0x55e035a3dcb3 <unknown>\n#18 0x7f823c494b43 <unknown>\n\n","statusTrace":"  File \"/home/runner/work/xxx/xxx/pages/base_page.py\", line 34, in element_is_presence\n    return wait(self.driver, self.time_out).until(EC.presence_of_element_located(locator))\n  File \"/opt/hostedtoolcache/Python/3.10.13/x64/lib/python3.10/site-packages/selenium/webdriver/support/wait.py\", line 95, in until\n    raise TimeoutException(message, screen, stacktrace)\n","steps":[],"attachments":[],"parameters":[],"shouldDisplayMessage":true,"stepsCount":0,"attachmentsCount":0,"hasContent":true}],"attachments":[],"parameters":[],"shouldDisplayMessage":false,"stepsCount":1,"attachmentsCount":0,"hasContent":true}],"attachments":[],"parameters":[{"name":"driver","value":"<selenium.webdriver.chrome.webdriver.WebDriver (session=\"4be19118e6a64183bc145476590f8ace\")>"}],"shouldDisplayMessage":false,"stepsCount":8,"attachmentsCount":0,"hasContent":true}],"attachments":[],"parameters":[],"shouldDisplayMessage":true,"stepsCount":9,"attachmentsCount":0,"hasContent":true},"afterStages":[{"name":"driver::0","time":{"start":1695250868858,"stop":1695250868993,"duration":135},"status":"passed","steps":[],"attachments":[{"uid":"494b8922a79e2217","name":"Screenshot 2023-09-20 23:01:08.930016","source":"494b8922a79e2217.png","type":"image/png","size":56609}],"parameters":[],"shouldDisplayMessage":false,"stepsCount":0,"attachmentsCount":1,"hasContent":true}],"labels":[{"name":"suite","value":"Test Main Page"},{"name":"tag","value":"@pytest.mark.xfail"},{"name":"parentSuite","value":"tests"},{"name":"subSuite","value":"TestMainPage"},{"name":"host","value":"fv-az437-13"},{"name":"thread","value":"2057-MainThread"},{"name":"framework","value":"pytest"},{"name":"language","value":"cpython3"},{"name":"package","value":"tests.test_main_page"},{"name":"resultFormat","value":"allure2"}],"parameters":[],"links":[],"hidden":false,"retry":false,"extra":{"severity":"normal","retries":[],"categories":[],"tags":["@pytest.mark.xfail"]},"source":"9491bd915f742b79.json","parameterValues":[]}