{"uid":"c558b1e1706e43f7","name":"test_create_sms","fullName":"tests.test_main_page.TestMainPage#test_create_sms","historyId":"7f9e5e1a4f01551aba3e683cb8ada8f8","time":{"start":1695251895860,"stop":1695251908426,"duration":12566},"status":"skipped","statusMessage":"XFAIL\n\nselenium.common.exceptions.TimeoutException: Message: \nStacktrace:\n#0 0x559169b18e23 <unknown>\n#1 0x5591698417a7 <unknown>\n#2 0x5591698801d3 <unknown>\n#3 0x5591698802c1 <unknown>\n#4 0x5591698bba04 <unknown>\n#5 0x5591698a103d <unknown>\n#6 0x5591698b9369 <unknown>\n#7 0x5591698a0de3 <unknown>\n#8 0x559169874a7b <unknown>\n#9 0x55916987581e <unknown>\n#10 0x559169ada638 <unknown>\n#11 0x559169ade507 <unknown>\n#12 0x559169ae8c4c <unknown>\n#13 0x559169adf136 <unknown>\n#14 0x559169aad9cf <unknown>\n#15 0x559169b02b98 <unknown>\n#16 0x559169b02d68 <unknown>\n#17 0x559169b11cb3 <unknown>\n#18 0x7f4a41c94b43 <unknown>","statusTrace":"self = <tests.test_main_page.TestMainPage object at 0x7ff435820910>\ndriver = <selenium.webdriver.chrome.webdriver.WebDriver (session=\"bc3d875b023a91849c2ebd94b3fd8bbf\")>\n\n    @allure.step('Test Smoke send sms.')\n    @pytest.mark.xfail\n    def test_create_sms(self, driver):\n        main_page = MainPage(driver, 'https://my.fortvision.com/#/dashboard')\n        main_page.open()\n>       main_page.authorization()\n\ntests/test_main_page.py:27: \n_ _ _ _ _ _ _ _ _ _ _ _ _ _ _ _ _ _ _ _ _ _ _ _ _ _ _ _ _ _ _ _ _ _ _ _ _ _ _ _ \npages/main_page.py:23: in authorization\n    good_evening_text = self.element_is_presence(self.locators.GOOD_EVENING_TEXT).text\npages/base_page.py:34: in element_is_presence\n    return wait(self.driver, self.time_out).until(EC.presence_of_element_located(locator))\n_ _ _ _ _ _ _ _ _ _ _ _ _ _ _ _ _ _ _ _ _ _ _ _ _ _ _ _ _ _ _ _ _ _ _ _ _ _ _ _ \n\nself = <selenium.webdriver.support.wait.WebDriverWait (session=\"bc3d875b023a91849c2ebd94b3fd8bbf\")>\nmethod = <function presence_of_element_located.<locals>._predicate at 0x7ff4355d9fc0>\nmessage = ''\n\n    def until(self, method, message: str = \"\"):\n        \"\"\"Calls the method provided with the driver as an argument until the \\\n        return value does not evaluate to ``False``.\n    \n        :param method: callable(WebDriver)\n        :param message: optional message for :exc:`TimeoutException`\n        :returns: the result of the last call to `method`\n        :raises: :exc:`selenium.common.exceptions.TimeoutException` if timeout occurs\n        \"\"\"\n        screen = None\n        stacktrace = None\n    \n        end_time = time.monotonic() + self._timeout\n        while True:\n            try:\n                value = method(self._driver)\n                if value:\n                    return value\n            except self._ignored_exceptions as exc:\n                screen = getattr(exc, \"screen\", None)\n                stacktrace = getattr(exc, \"stacktrace\", None)\n            time.sleep(self._poll)\n            if time.monotonic() > end_time:\n                break\n>       raise TimeoutException(message, screen, stacktrace)\nE       selenium.common.exceptions.TimeoutException: Message: \nE       Stacktrace:\nE       #0 0x559169b18e23 <unknown>\nE       #1 0x5591698417a7 <unknown>\nE       #2 0x5591698801d3 <unknown>\nE       #3 0x5591698802c1 <unknown>\nE       #4 0x5591698bba04 <unknown>\nE       #5 0x5591698a103d <unknown>\nE       #6 0x5591698b9369 <unknown>\nE       #7 0x5591698a0de3 <unknown>\nE       #8 0x559169874a7b <unknown>\nE       #9 0x55916987581e <unknown>\nE       #10 0x559169ada638 <unknown>\nE       #11 0x559169ade507 <unknown>\nE       #12 0x559169ae8c4c <unknown>\nE       #13 0x559169adf136 <unknown>\nE       #14 0x559169aad9cf <unknown>\nE       #15 0x559169b02b98 <unknown>\nE       #16 0x559169b02d68 <unknown>\nE       #17 0x559169b11cb3 <unknown>\nE       #18 0x7f4a41c94b43 <unknown>\n\n/opt/hostedtoolcache/Python/3.10.13/x64/lib/python3.10/site-packages/selenium/webdriver/support/wait.py:95: TimeoutException","flaky":false,"newFailed":false,"newBroken":false,"newPassed":false,"retriesCount":0,"retriesStatusChange":false,"beforeStages":[{"name":"driver","time":{"start":1695251894770,"stop":1695251895860,"duration":1090},"status":"passed","steps":[],"attachments":[],"parameters":[],"shouldDisplayMessage":false,"stepsCount":0,"attachmentsCount":0,"hasContent":false}],"testStage":{"status":"skipped","statusMessage":"XFAIL\n\nselenium.common.exceptions.TimeoutException: Message: \nStacktrace:\n#0 0x559169b18e23 <unknown>\n#1 0x5591698417a7 <unknown>\n#2 0x5591698801d3 <unknown>\n#3 0x5591698802c1 <unknown>\n#4 0x5591698bba04 <unknown>\n#5 0x5591698a103d <unknown>\n#6 0x5591698b9369 <unknown>\n#7 0x5591698a0de3 <unknown>\n#8 0x559169874a7b <unknown>\n#9 0x55916987581e <unknown>\n#10 0x559169ada638 <unknown>\n#11 0x559169ade507 <unknown>\n#12 0x559169ae8c4c <unknown>\n#13 0x559169adf136 <unknown>\n#14 0x559169aad9cf <unknown>\n#15 0x559169b02b98 <unknown>\n#16 0x559169b02d68 <unknown>\n#17 0x559169b11cb3 <unknown>\n#18 0x7f4a41c94b43 <unknown>","statusTrace":"self = <tests.test_main_page.TestMainPage object at 0x7ff435820910>\ndriver = <selenium.webdriver.chrome.webdriver.WebDriver (session=\"bc3d875b023a91849c2ebd94b3fd8bbf\")>\n\n    @allure.step('Test Smoke send sms.')\n    @pytest.mark.xfail\n    def test_create_sms(self, driver):\n        main_page = MainPage(driver, 'https://my.fortvision.com/#/dashboard')\n        main_page.open()\n>       main_page.authorization()\n\ntests/test_main_page.py:27: \n_ _ _ _ _ _ _ _ _ _ _ _ _ _ _ _ _ _ _ _ _ _ _ _ _ _ _ _ _ _ _ _ _ _ _ _ _ _ _ _ \npages/main_page.py:23: in authorization\n    good_evening_text = self.element_is_presence(self.locators.GOOD_EVENING_TEXT).text\npages/base_page.py:34: in element_is_presence\n    return wait(self.driver, self.time_out).until(EC.presence_of_element_located(locator))\n_ _ _ _ _ _ _ _ _ _ _ _ _ _ _ _ _ _ _ _ _ _ _ _ _ _ _ _ _ _ _ _ _ _ _ _ _ _ _ _ \n\nself = <selenium.webdriver.support.wait.WebDriverWait (session=\"bc3d875b023a91849c2ebd94b3fd8bbf\")>\nmethod = <function presence_of_element_located.<locals>._predicate at 0x7ff4355d9fc0>\nmessage = ''\n\n    def until(self, method, message: str = \"\"):\n        \"\"\"Calls the method provided with the driver as an argument until the \\\n        return value does not evaluate to ``False``.\n    \n        :param method: callable(WebDriver)\n        :param message: optional message for :exc:`TimeoutException`\n        :returns: the result of the last call to `method`\n        :raises: :exc:`selenium.common.exceptions.TimeoutException` if timeout occurs\n        \"\"\"\n        screen = None\n        stacktrace = None\n    \n        end_time = time.monotonic() + self._timeout\n        while True:\n            try:\n                value = method(self._driver)\n                if value:\n                    return value\n            except self._ignored_exceptions as exc:\n                screen = getattr(exc, \"screen\", None)\n                stacktrace = getattr(exc, \"stacktrace\", None)\n            time.sleep(self._poll)\n            if time.monotonic() > end_time:\n                break\n>       raise TimeoutException(message, screen, stacktrace)\nE       selenium.common.exceptions.TimeoutException: Message: \nE       Stacktrace:\nE       #0 0x559169b18e23 <unknown>\nE       #1 0x5591698417a7 <unknown>\nE       #2 0x5591698801d3 <unknown>\nE       #3 0x5591698802c1 <unknown>\nE       #4 0x5591698bba04 <unknown>\nE       #5 0x5591698a103d <unknown>\nE       #6 0x5591698b9369 <unknown>\nE       #7 0x5591698a0de3 <unknown>\nE       #8 0x559169874a7b <unknown>\nE       #9 0x55916987581e <unknown>\nE       #10 0x559169ada638 <unknown>\nE       #11 0x559169ade507 <unknown>\nE       #12 0x559169ae8c4c <unknown>\nE       #13 0x559169adf136 <unknown>\nE       #14 0x559169aad9cf <unknown>\nE       #15 0x559169b02b98 <unknown>\nE       #16 0x559169b02d68 <unknown>\nE       #17 0x559169b11cb3 <unknown>\nE       #18 0x7f4a41c94b43 <unknown>\n\n/opt/hostedtoolcache/Python/3.10.13/x64/lib/python3.10/site-packages/selenium/webdriver/support/wait.py:95: TimeoutException","steps":[{"name":"Test Smoke send sms.","time":{"start":1695251895860,"stop":1695251908426,"duration":12566},"status":"broken","statusMessage":"selenium.common.exceptions.TimeoutException: Message: \nStacktrace:\n#0 0x559169b18e23 <unknown>\n#1 0x5591698417a7 <unknown>\n#2 0x5591698801d3 <unknown>\n#3 0x5591698802c1 <unknown>\n#4 0x5591698bba04 <unknown>\n#5 0x5591698a103d <unknown>\n#6 0x5591698b9369 <unknown>\n#7 0x5591698a0de3 <unknown>\n#8 0x559169874a7b <unknown>\n#9 0x55916987581e <unknown>\n#10 0x559169ada638 <unknown>\n#11 0x559169ade507 <unknown>\n#12 0x559169ae8c4c <unknown>\n#13 0x559169adf136 <unknown>\n#14 0x559169aad9cf <unknown>\n#15 0x559169b02b98 <unknown>\n#16 0x559169b02d68 <unknown>\n#17 0x559169b11cb3 <unknown>\n#18 0x7f4a41c94b43 <unknown>\n\n","statusTrace":"  File \"/opt/hostedtoolcache/Python/3.10.13/x64/lib/python3.10/site-packages/allure_commons/_allure.py\", line 192, in impl\n    return func(*a, **kw)\n  File \"/home/runner/work/fortvision_task_ui_with_ci/fortvision_task_ui_with_ci/tests/test_main_page.py\", line 27, in test_create_sms\n    main_page.authorization()\n  File \"/home/runner/work/fortvision_task_ui_with_ci/fortvision_task_ui_with_ci/pages/main_page.py\", line 23, in authorization\n    good_evening_text = self.element_is_presence(self.locators.GOOD_EVENING_TEXT).text\n  File \"/home/runner/work/fortvision_task_ui_with_ci/fortvision_task_ui_with_ci/pages/base_page.py\", line 34, in element_is_presence\n    return wait(self.driver, self.time_out).until(EC.presence_of_element_located(locator))\n  File \"/opt/hostedtoolcache/Python/3.10.13/x64/lib/python3.10/site-packages/selenium/webdriver/support/wait.py\", line 95, in until\n    raise TimeoutException(message, screen, stacktrace)\n","steps":[{"name":"Open page: https://my.fortvision.com/#/dashboard","time":{"start":1695251895860,"stop":1695251896604,"duration":744},"status":"passed","steps":[],"attachments":[],"parameters":[],"shouldDisplayMessage":false,"stepsCount":0,"attachmentsCount":0,"hasContent":false},{"name":"Input email: .","time":{"start":1695251896604,"stop":1695251897814,"duration":1210},"status":"passed","steps":[{"name":"Check element is presence: ('xpath', \"//input[@id='email']\")","time":{"start":1695251896604,"stop":1695251897095,"duration":491},"status":"passed","steps":[],"attachments":[],"parameters":[],"shouldDisplayMessage":false,"stepsCount":0,"attachmentsCount":0,"hasContent":false}],"attachments":[],"parameters":[],"shouldDisplayMessage":false,"stepsCount":1,"attachmentsCount":0,"hasContent":true},{"name":"Check element is presence: ('xpath', \"//input[@id='password']\")","time":{"start":1695251897814,"stop":1695251897824,"duration":10},"status":"passed","steps":[],"attachments":[],"parameters":[],"shouldDisplayMessage":false,"stepsCount":0,"attachmentsCount":0,"hasContent":false},{"name":"Click button: LOG IN.","time":{"start":1695251897855,"stop":1695251897896,"duration":41},"status":"passed","steps":[{"name":"Check element is presence: ('xpath', \"//button[@class='button button-big button-blue']\")","time":{"start":1695251897855,"stop":1695251897865,"duration":10},"status":"passed","steps":[],"attachments":[],"parameters":[],"shouldDisplayMessage":false,"stepsCount":0,"attachmentsCount":0,"hasContent":false}],"attachments":[],"parameters":[],"shouldDisplayMessage":false,"stepsCount":1,"attachmentsCount":0,"hasContent":true},{"name":"Check word \"Good\" is presence in footer.","time":{"start":1695251897896,"stop":1695251908426,"duration":10530},"status":"broken","statusMessage":"selenium.common.exceptions.TimeoutException: Message: \nStacktrace:\n#0 0x559169b18e23 <unknown>\n#1 0x5591698417a7 <unknown>\n#2 0x5591698801d3 <unknown>\n#3 0x5591698802c1 <unknown>\n#4 0x5591698bba04 <unknown>\n#5 0x5591698a103d <unknown>\n#6 0x5591698b9369 <unknown>\n#7 0x5591698a0de3 <unknown>\n#8 0x559169874a7b <unknown>\n#9 0x55916987581e <unknown>\n#10 0x559169ada638 <unknown>\n#11 0x559169ade507 <unknown>\n#12 0x559169ae8c4c <unknown>\n#13 0x559169adf136 <unknown>\n#14 0x559169aad9cf <unknown>\n#15 0x559169b02b98 <unknown>\n#16 0x559169b02d68 <unknown>\n#17 0x559169b11cb3 <unknown>\n#18 0x7f4a41c94b43 <unknown>\n\n","statusTrace":"  File \"/home/runner/work/fortvision_task_ui_with_ci/fortvision_task_ui_with_ci/pages/main_page.py\", line 23, in authorization\n    good_evening_text = self.element_is_presence(self.locators.GOOD_EVENING_TEXT).text\n  File \"/home/runner/work/fortvision_task_ui_with_ci/fortvision_task_ui_with_ci/pages/base_page.py\", line 34, in element_is_presence\n    return wait(self.driver, self.time_out).until(EC.presence_of_element_located(locator))\n  File \"/opt/hostedtoolcache/Python/3.10.13/x64/lib/python3.10/site-packages/selenium/webdriver/support/wait.py\", line 95, in until\n    raise TimeoutException(message, screen, stacktrace)\n","steps":[{"name":"Check element is presence: ('xpath', \"//div[@class='title'][contains(.,'Good')]\")","time":{"start":1695251897896,"stop":1695251908426,"duration":10530},"status":"broken","statusMessage":"selenium.common.exceptions.TimeoutException: Message: \nStacktrace:\n#0 0x559169b18e23 <unknown>\n#1 0x5591698417a7 <unknown>\n#2 0x5591698801d3 <unknown>\n#3 0x5591698802c1 <unknown>\n#4 0x5591698bba04 <unknown>\n#5 0x5591698a103d <unknown>\n#6 0x5591698b9369 <unknown>\n#7 0x5591698a0de3 <unknown>\n#8 0x559169874a7b <unknown>\n#9 0x55916987581e <unknown>\n#10 0x559169ada638 <unknown>\n#11 0x559169ade507 <unknown>\n#12 0x559169ae8c4c <unknown>\n#13 0x559169adf136 <unknown>\n#14 0x559169aad9cf <unknown>\n#15 0x559169b02b98 <unknown>\n#16 0x559169b02d68 <unknown>\n#17 0x559169b11cb3 <unknown>\n#18 0x7f4a41c94b43 <unknown>\n\n","statusTrace":"  File \"/home/runner/work/fortvision_task_ui_with_ci/fortvision_task_ui_with_ci/pages/base_page.py\", line 34, in element_is_presence\n    return wait(self.driver, self.time_out).until(EC.presence_of_element_located(locator))\n  File \"/opt/hostedtoolcache/Python/3.10.13/x64/lib/python3.10/site-packages/selenium/webdriver/support/wait.py\", line 95, in until\n    raise TimeoutException(message, screen, stacktrace)\n","steps":[],"attachments":[],"parameters":[],"shouldDisplayMessage":true,"stepsCount":0,"attachmentsCount":0,"hasContent":true}],"attachments":[],"parameters":[],"shouldDisplayMessage":false,"stepsCount":1,"attachmentsCount":0,"hasContent":true}],"attachments":[],"parameters":[{"name":"driver","value":"<selenium.webdriver.chrome.webdriver.WebDriver (session=\"bc3d875b023a91849c2ebd94b3fd8bbf\")>"}],"shouldDisplayMessage":false,"stepsCount":8,"attachmentsCount":0,"hasContent":true}],"attachments":[],"parameters":[],"shouldDisplayMessage":true,"stepsCount":9,"attachmentsCount":0,"hasContent":true},"afterStages":[{"name":"driver::0","time":{"start":1695251908435,"stop":1695251908569,"duration":134},"status":"passed","steps":[],"attachments":[{"uid":"560bc9db13c6f62a","name":"Screenshot 2023-09-20 23:18:28.507356","source":"560bc9db13c6f62a.png","type":"image/png","size":56609}],"parameters":[],"shouldDisplayMessage":false,"stepsCount":0,"attachmentsCount":1,"hasContent":true}],"labels":[{"name":"suite","value":"Test Main Page"},{"name":"tag","value":"@pytest.mark.xfail"},{"name":"parentSuite","value":"tests"},{"name":"subSuite","value":"TestMainPage"},{"name":"host","value":"fv-az246-628"},{"name":"thread","value":"2032-MainThread"},{"name":"framework","value":"pytest"},{"name":"language","value":"cpython3"},{"name":"package","value":"tests.test_main_page"},{"name":"resultFormat","value":"allure2"}],"parameters":[],"links":[],"hidden":false,"retry":false,"extra":{"severity":"normal","retries":[],"categories":[],"tags":["@pytest.mark.xfail"]},"source":"c558b1e1706e43f7.json","parameterValues":[]}